c:\users\jonathan\desktop\cse167-spring-2015-starter-code-master\cse167-spring-2015-starter-code-master\debug\vc120.pdb
c:\users\jonathan\desktop\cse167-spring-2015-starter-code-master\cse167-spring-2015-starter-code-master\debug\vc120.idb
c:\users\jonathan\desktop\cse167-spring-2015-starter-code-master\cse167-spring-2015-starter-code-master\debug\main.obj
c:\users\jonathan\desktop\cse167-spring-2015-starter-code-master\cse167-spring-2015-starter-code-master\debug\camera.obj
c:\users\jonathan\desktop\cse167-spring-2015-starter-code-master\cse167-spring-2015-starter-code-master\debug\color.obj
c:\users\jonathan\desktop\cse167-spring-2015-starter-code-master\cse167-spring-2015-starter-code-master\debug\cube.obj
c:\users\jonathan\desktop\cse167-spring-2015-starter-code-master\cse167-spring-2015-starter-code-master\debug\light.obj
c:\users\jonathan\desktop\cse167-spring-2015-starter-code-master\cse167-spring-2015-starter-code-master\debug\material.obj
c:\users\jonathan\desktop\cse167-spring-2015-starter-code-master\cse167-spring-2015-starter-code-master\debug\matrix4.obj
c:\users\jonathan\desktop\cse167-spring-2015-starter-code-master\cse167-spring-2015-starter-code-master\debug\drawable.obj
c:\users\jonathan\desktop\cse167-spring-2015-starter-code-master\cse167-spring-2015-starter-code-master\debug\drawdata.obj
c:\users\jonathan\desktop\cse167-spring-2015-starter-code-master\cse167-spring-2015-starter-code-master\debug\sphere.obj
c:\users\jonathan\desktop\cse167-spring-2015-starter-code-master\cse167-spring-2015-starter-code-master\debug\texture.obj
c:\users\jonathan\desktop\cse167-spring-2015-starter-code-master\cse167-spring-2015-starter-code-master\debug\updatedata.obj
c:\users\jonathan\desktop\cse167-spring-2015-starter-code-master\cse167-spring-2015-starter-code-master\debug\vector3.obj
c:\users\jonathan\desktop\cse167-spring-2015-starter-code-master\cse167-spring-2015-starter-code-master\debug\vector4.obj
c:\users\jonathan\desktop\cse167-spring-2015-starter-code-master\cse167-spring-2015-starter-code-master\debug\window.obj
c:\users\jonathan\desktop\cse167-spring-2015-starter-code-master\cse167-spring-2015-starter-code-master\debug\globals.obj
c:\users\jonathan\desktop\cse167-spring-2015-starter-code-master\cse167-spring-2015-starter-code-master\debug\mathtestbench.obj
c:\users\jonathan\desktop\cse167-spring-2015-starter-code-master\cse167-spring-2015-starter-code-master\debug\objobject.obj
c:\users\jonathan\desktop\cse167-spring-2015-starter-code-master\cse167-spring-2015-starter-code-master\debug\cube.ilk
c:\users\jonathan\desktop\cse167-spring-2015-starter-code-master\cse167-spring-2015-starter-code-master\debug\cube.exe
c:\users\jonathan\desktop\cse167-spring-2015-starter-code-master\cse167-spring-2015-starter-code-master\debug\cube.pdb
c:\users\jonathan\desktop\cse167-spring-2015-starter-code-master\cse167-spring-2015-starter-code-master\debug\cube.tlog\cl.command.1.tlog
c:\users\jonathan\desktop\cse167-spring-2015-starter-code-master\cse167-spring-2015-starter-code-master\debug\cube.tlog\cl.read.1.tlog
c:\users\jonathan\desktop\cse167-spring-2015-starter-code-master\cse167-spring-2015-starter-code-master\debug\cube.tlog\cl.write.1.tlog
c:\users\jonathan\desktop\cse167-spring-2015-starter-code-master\cse167-spring-2015-starter-code-master\debug\cube.tlog\link.command.1.tlog
c:\users\jonathan\desktop\cse167-spring-2015-starter-code-master\cse167-spring-2015-starter-code-master\debug\cube.tlog\link.read.1.tlog
c:\users\jonathan\desktop\cse167-spring-2015-starter-code-master\cse167-spring-2015-starter-code-master\debug\cube.tlog\link.write.1.tlog
